Analysis & Synthesis report for top_seg_595
Tue Jul 20 02:56:48 2021
Quartus Prime Version 15.1.0 Build 185 10/21/2015 SJ Standard Edition


---------------------
; Table of Contents ;
---------------------
  1. Legal Notice
  2. Analysis & Synthesis Summary
  3. Analysis & Synthesis Settings
  4. Parallel Compilation
  5. Analysis & Synthesis Source Files Read
  6. Analysis & Synthesis Resource Usage Summary
  7. Analysis & Synthesis Resource Utilization by Entity
  8. Registers Removed During Synthesis
  9. Removed Registers Triggering Further Register Optimizations
 10. General Register Statistics
 11. Inverted Register Statistics
 12. Multiplexer Restructuring Statistics (Restructuring Performed)
 13. Parameter Settings for User Entity Instance: data_gen:data_gen_inst
 14. Parameter Settings for User Entity Instance: seg_595_dynamic:seg_595_dynamic_inst|seg_dynamic:seg_dynamic_inst
 15. Port Connectivity Checks: "seg_595_dynamic:seg_595_dynamic_inst|hc595_ctrl:hc595_ctrl_inst"
 16. Port Connectivity Checks: "seg_595_dynamic:seg_595_dynamic_inst|seg_dynamic:seg_dynamic_inst"
 17. Post-Synthesis Netlist Statistics for Top Partition
 18. Elapsed Time Per Partition
 19. Analysis & Synthesis Messages



----------------
; Legal Notice ;
----------------
Copyright (C) 1991-2015 Altera Corporation. All rights reserved.
Your use of Altera Corporation's design tools, logic functions 
and other software and tools, and its AMPP partner logic 
functions, and any output files from any of the foregoing 
(including device programming or simulation files), and any 
associated documentation or information are expressly subject 
to the terms and conditions of the Altera Program License 
Subscription Agreement, the Altera Quartus Prime License Agreement,
the Altera MegaCore Function License Agreement, or other 
applicable license agreement, including, without limitation, 
that your use is for the sole purpose of programming logic 
devices manufactured by Altera and sold by Altera or its 
authorized distributors.  Please refer to the applicable 
agreement for further details.



+--------------------------------------------------------------------------------------+
; Analysis & Synthesis Summary                                                         ;
+------------------------------------+-------------------------------------------------+
; Analysis & Synthesis Status        ; Successful - Tue Jul 20 02:56:47 2021           ;
; Quartus Prime Version              ; 15.1.0 Build 185 10/21/2015 SJ Standard Edition ;
; Revision Name                      ; top_seg_595                                     ;
; Top-level Entity Name              ; top_seg_595                                     ;
; Family                             ; Cyclone IV E                                    ;
; Total logic elements               ; 235                                             ;
;     Total combinational functions  ; 206                                             ;
;     Dedicated logic registers      ; 143                                             ;
; Total registers                    ; 143                                             ;
; Total pins                         ; 6                                               ;
; Total virtual pins                 ; 0                                               ;
; Total memory bits                  ; 0                                               ;
; Embedded Multiplier 9-bit elements ; 0                                               ;
; Total PLLs                         ; 0                                               ;
+------------------------------------+-------------------------------------------------+


+----------------------------------------------------------------------------------------------------------------------+
; Analysis & Synthesis Settings                                                                                        ;
+----------------------------------------------------------------------------+--------------------+--------------------+
; Option                                                                     ; Setting            ; Default Value      ;
+----------------------------------------------------------------------------+--------------------+--------------------+
; Device                                                                     ; EP4CE6E22C8        ;                    ;
; Top-level entity name                                                      ; top_seg_595        ; top_seg_595        ;
; Family name                                                                ; Cyclone IV E       ; Cyclone V          ;
; Use smart compilation                                                      ; Off                ; Off                ;
; Enable parallel Assembler and TimeQuest Timing Analyzer during compilation ; On                 ; On                 ;
; Enable compact report table                                                ; Off                ; Off                ;
; Restructure Multiplexers                                                   ; Auto               ; Auto               ;
; Create Debugging Nodes for IP Cores                                        ; Off                ; Off                ;
; Preserve fewer node names                                                  ; On                 ; On                 ;
; Disable OpenCore Plus hardware evaluation                                  ; Off                ; Off                ;
; Verilog Version                                                            ; Verilog_2001       ; Verilog_2001       ;
; VHDL Version                                                               ; VHDL_1993          ; VHDL_1993          ;
; State Machine Processing                                                   ; Auto               ; Auto               ;
; Safe State Machine                                                         ; Off                ; Off                ;
; Extract Verilog State Machines                                             ; On                 ; On                 ;
; Extract VHDL State Machines                                                ; On                 ; On                 ;
; Ignore Verilog initial constructs                                          ; Off                ; Off                ;
; Iteration limit for constant Verilog loops                                 ; 5000               ; 5000               ;
; Iteration limit for non-constant Verilog loops                             ; 250                ; 250                ;
; Add Pass-Through Logic to Inferred RAMs                                    ; On                 ; On                 ;
; Infer RAMs from Raw Logic                                                  ; On                 ; On                 ;
; Parallel Synthesis                                                         ; On                 ; On                 ;
; DSP Block Balancing                                                        ; Auto               ; Auto               ;
; NOT Gate Push-Back                                                         ; On                 ; On                 ;
; Power-Up Don't Care                                                        ; On                 ; On                 ;
; Remove Redundant Logic Cells                                               ; Off                ; Off                ;
; Remove Duplicate Registers                                                 ; On                 ; On                 ;
; Ignore CARRY Buffers                                                       ; Off                ; Off                ;
; Ignore CASCADE Buffers                                                     ; Off                ; Off                ;
; Ignore GLOBAL Buffers                                                      ; Off                ; Off                ;
; Ignore ROW GLOBAL Buffers                                                  ; Off                ; Off                ;
; Ignore LCELL Buffers                                                       ; Off                ; Off                ;
; Ignore SOFT Buffers                                                        ; On                 ; On                 ;
; Limit AHDL Integers to 32 Bits                                             ; Off                ; Off                ;
; Optimization Technique                                                     ; Balanced           ; Balanced           ;
; Carry Chain Length                                                         ; 70                 ; 70                 ;
; Auto Carry Chains                                                          ; On                 ; On                 ;
; Auto Open-Drain Pins                                                       ; On                 ; On                 ;
; Perform WYSIWYG Primitive Resynthesis                                      ; Off                ; Off                ;
; Auto ROM Replacement                                                       ; On                 ; On                 ;
; Auto RAM Replacement                                                       ; On                 ; On                 ;
; Auto DSP Block Replacement                                                 ; On                 ; On                 ;
; Auto Shift Register Replacement                                            ; Auto               ; Auto               ;
; Allow Shift Register Merging across Hierarchies                            ; Auto               ; Auto               ;
; Auto Clock Enable Replacement                                              ; On                 ; On                 ;
; Strict RAM Replacement                                                     ; Off                ; Off                ;
; Allow Synchronous Control Signals                                          ; On                 ; On                 ;
; Force Use of Synchronous Clear Signals                                     ; Off                ; Off                ;
; Auto RAM Block Balancing                                                   ; On                 ; On                 ;
; Auto RAM to Logic Cell Conversion                                          ; Off                ; Off                ;
; Auto Resource Sharing                                                      ; Off                ; Off                ;
; Allow Any RAM Size For Recognition                                         ; Off                ; Off                ;
; Allow Any ROM Size For Recognition                                         ; Off                ; Off                ;
; Allow Any Shift Register Size For Recognition                              ; Off                ; Off                ;
; Use LogicLock Constraints during Resource Balancing                        ; On                 ; On                 ;
; Ignore translate_off and synthesis_off directives                          ; Off                ; Off                ;
; Timing-Driven Synthesis                                                    ; On                 ; On                 ;
; Report Parameter Settings                                                  ; On                 ; On                 ;
; Report Source Assignments                                                  ; On                 ; On                 ;
; Report Connectivity Checks                                                 ; On                 ; On                 ;
; Ignore Maximum Fan-Out Assignments                                         ; Off                ; Off                ;
; Synchronization Register Chain Length                                      ; 2                  ; 2                  ;
; PowerPlay Power Optimization During Synthesis                              ; Normal compilation ; Normal compilation ;
; HDL message level                                                          ; Level2             ; Level2             ;
; Suppress Register Optimization Related Messages                            ; Off                ; Off                ;
; Number of Removed Registers Reported in Synthesis Report                   ; 5000               ; 5000               ;
; Number of Swept Nodes Reported in Synthesis Report                         ; 5000               ; 5000               ;
; Number of Inverted Registers Reported in Synthesis Report                  ; 100                ; 100                ;
; Clock MUX Protection                                                       ; On                 ; On                 ;
; Auto Gated Clock Conversion                                                ; Off                ; Off                ;
; Block Design Naming                                                        ; Auto               ; Auto               ;
; SDC constraint protection                                                  ; Off                ; Off                ;
; Synthesis Effort                                                           ; Auto               ; Auto               ;
; Shift Register Replacement - Allow Asynchronous Clear Signal               ; On                 ; On                 ;
; Pre-Mapping Resynthesis Optimization                                       ; Off                ; Off                ;
; Analysis & Synthesis Message Level                                         ; Medium             ; Medium             ;
; Disable Register Merging Across Hierarchies                                ; Auto               ; Auto               ;
; Resource Aware Inference For Block RAM                                     ; On                 ; On                 ;
; Synthesis Seed                                                             ; 1                  ; 1                  ;
+----------------------------------------------------------------------------+--------------------+--------------------+


+------------------------------------------+
; Parallel Compilation                     ;
+----------------------------+-------------+
; Processors                 ; Number      ;
+----------------------------+-------------+
; Number detected on machine ; 4           ;
; Maximum allowed            ; 2           ;
;                            ;             ;
; Average used               ; 1.00        ;
; Maximum used               ; 2           ;
;                            ;             ;
; Usage by Processor         ; % Time Used ;
;     Processor 1            ; 100.0%      ;
;     Processor 2            ; < 0.1%      ;
+----------------------------+-------------+


+------------------------------------------------------------------------------------------------------------------------------------------------+
; Analysis & Synthesis Source Files Read                                                                                                         ;
+----------------------------------+-----------------+------------------------+--------------------------------------------------------+---------+
; File Name with User-Entered Path ; Used in Netlist ; File Type              ; File Name with Absolute Path                           ; Library ;
+----------------------------------+-----------------+------------------------+--------------------------------------------------------+---------+
; ../rtl/top_seg_595.v             ; yes             ; User Verilog HDL File  ; D:/FPGA-selfLearning/top_seg_595/rtl/top_seg_595.v     ;         ;
; ../rtl/seg_dynamic.v             ; yes             ; User Verilog HDL File  ; D:/FPGA-selfLearning/top_seg_595/rtl/seg_dynamic.v     ;         ;
; ../rtl/seg_595_dynamic.v         ; yes             ; User Verilog HDL File  ; D:/FPGA-selfLearning/top_seg_595/rtl/seg_595_dynamic.v ;         ;
; ../rtl/hc595_ctrl.v              ; yes             ; User Verilog HDL File  ; D:/FPGA-selfLearning/top_seg_595/rtl/hc595_ctrl.v      ;         ;
; ../rtl/data_gen.v                ; yes             ; User Verilog HDL File  ; D:/FPGA-selfLearning/top_seg_595/rtl/data_gen.v        ;         ;
; ../rtl/bcd_8421.v                ; yes             ; User Verilog HDL File  ; D:/FPGA-selfLearning/top_seg_595/rtl/bcd_8421.v        ;         ;
+----------------------------------+-----------------+------------------------+--------------------------------------------------------+---------+


+---------------------------------------------------------------+
; Analysis & Synthesis Resource Usage Summary                   ;
+---------------------------------------------+-----------------+
; Resource                                    ; Usage           ;
+---------------------------------------------+-----------------+
; Estimated Total logic elements              ; 235             ;
;                                             ;                 ;
; Total combinational functions               ; 206             ;
; Logic element usage by number of LUT inputs ;                 ;
;     -- 4 input functions                    ; 97              ;
;     -- 3 input functions                    ; 33              ;
;     -- <=2 input functions                  ; 76              ;
;                                             ;                 ;
; Logic elements by mode                      ;                 ;
;     -- normal mode                          ; 158             ;
;     -- arithmetic mode                      ; 48              ;
;                                             ;                 ;
; Total registers                             ; 143             ;
;     -- Dedicated logic registers            ; 143             ;
;     -- I/O registers                        ; 0               ;
;                                             ;                 ;
; I/O pins                                    ; 6               ;
;                                             ;                 ;
; Embedded Multiplier 9-bit elements          ; 0               ;
;                                             ;                 ;
; Maximum fan-out node                        ; sys_rst_n~input ;
; Maximum fan-out                             ; 144             ;
; Total fan-out                               ; 1117            ;
; Average fan-out                             ; 3.09            ;
+---------------------------------------------+-----------------+


+------------------------------------------------------------------------------------------------------------------------------------------------------------------------------------------------------------------------------------------------------------------------------+
; Analysis & Synthesis Resource Utilization by Entity                                                                                                                                                                                                                          ;
+-------------------------------------------+-------------------+--------------+-------------+--------------+---------+-----------+------+--------------+-------------------------------------------------------------------------------------------------------+--------------+
; Compilation Hierarchy Node                ; LC Combinationals ; LC Registers ; Memory Bits ; DSP Elements ; DSP 9x9 ; DSP 18x18 ; Pins ; Virtual Pins ; Full Hierarchy Name                                                                                   ; Library Name ;
+-------------------------------------------+-------------------+--------------+-------------+--------------+---------+-----------+------+--------------+-------------------------------------------------------------------------------------------------------+--------------+
; |top_seg_595                              ; 206 (0)           ; 143 (0)      ; 0           ; 0            ; 0       ; 0         ; 6    ; 0            ; |top_seg_595                                                                                          ; work         ;
;    |data_gen:data_gen_inst|               ; 63 (63)           ; 34 (34)      ; 0           ; 0            ; 0       ; 0         ; 0    ; 0            ; |top_seg_595|data_gen:data_gen_inst                                                                   ; work         ;
;    |seg_595_dynamic:seg_595_dynamic_inst| ; 143 (0)           ; 109 (0)      ; 0           ; 0            ; 0       ; 0         ; 0    ; 0            ; |top_seg_595|seg_595_dynamic:seg_595_dynamic_inst                                                     ; work         ;
;       |hc595_ctrl:hc595_ctrl_inst|        ; 19 (19)           ; 9 (9)        ; 0           ; 0            ; 0       ; 0         ; 0    ; 0            ; |top_seg_595|seg_595_dynamic:seg_595_dynamic_inst|hc595_ctrl:hc595_ctrl_inst                          ; work         ;
;       |seg_dynamic:seg_dynamic_inst|      ; 124 (68)          ; 100 (53)     ; 0           ; 0            ; 0       ; 0         ; 0    ; 0            ; |top_seg_595|seg_595_dynamic:seg_595_dynamic_inst|seg_dynamic:seg_dynamic_inst                        ; work         ;
;          |bcd_8421:bcd_8421_inst|         ; 56 (56)           ; 47 (47)      ; 0           ; 0            ; 0       ; 0         ; 0    ; 0            ; |top_seg_595|seg_595_dynamic:seg_595_dynamic_inst|seg_dynamic:seg_dynamic_inst|bcd_8421:bcd_8421_inst ; work         ;
+-------------------------------------------+-------------------+--------------+-------------+--------------+---------+-----------+------+--------------+-------------------------------------------------------------------------------------------------------+--------------+
Note: For table entries with two numbers listed, the numbers in parentheses indicate the number of resources of the given type used by the specific entity alone. The numbers listed outside of parentheses indicate the total resources of the given type used by the specific entity and all of its sub-entities in the hierarchy.


+---------------------------------------------------------------------------------------------------------------------------------------------------------------------------------------------------------------------------+
; Registers Removed During Synthesis                                                                                                                                                                                        ;
+-------------------------------------------------------------------------------------------------------+-------------------------------------------------------------------------------------------------------------------+
; Register name                                                                                         ; Reason for Removal                                                                                                ;
+-------------------------------------------------------------------------------------------------------+-------------------------------------------------------------------------------------------------------------------+
; seg_595_dynamic:seg_595_dynamic_inst|seg_dynamic:seg_dynamic_inst|dot_disp                            ; Stuck at VCC due to stuck port data_in                                                                            ;
; seg_595_dynamic:seg_595_dynamic_inst|seg_dynamic:seg_dynamic_inst|seg[7]                              ; Stuck at VCC due to stuck port data_in                                                                            ;
; seg_595_dynamic:seg_595_dynamic_inst|seg_dynamic:seg_dynamic_inst|bcd_8421:bcd_8421_inst|shift_flag   ; Merged with seg_595_dynamic:seg_595_dynamic_inst|hc595_ctrl:hc595_ctrl_inst|cnt_4[0]                              ;
; seg_595_dynamic:seg_595_dynamic_inst|seg_dynamic:seg_dynamic_inst|cnt_1ms[0]                          ; Merged with seg_595_dynamic:seg_595_dynamic_inst|hc595_ctrl:hc595_ctrl_inst|cnt_4[0]                              ;
; data_gen:data_gen_inst|cnt_100ms[0]                                                                   ; Merged with seg_595_dynamic:seg_595_dynamic_inst|hc595_ctrl:hc595_ctrl_inst|cnt_4[0]                              ;
; data_gen:data_gen_inst|cnt_100ms[1]                                                                   ; Merged with seg_595_dynamic:seg_595_dynamic_inst|hc595_ctrl:hc595_ctrl_inst|cnt_4[1]                              ;
; seg_595_dynamic:seg_595_dynamic_inst|seg_dynamic:seg_dynamic_inst|cnt_1ms[1]                          ; Merged with seg_595_dynamic:seg_595_dynamic_inst|hc595_ctrl:hc595_ctrl_inst|cnt_4[1]                              ;
; seg_595_dynamic:seg_595_dynamic_inst|seg_dynamic:seg_dynamic_inst|bcd_8421:bcd_8421_inst|cnt_shift[0] ; Merged with seg_595_dynamic:seg_595_dynamic_inst|hc595_ctrl:hc595_ctrl_inst|cnt_4[1]                              ;
; data_gen:data_gen_inst|cnt_100ms[2]                                                                   ; Merged with seg_595_dynamic:seg_595_dynamic_inst|seg_dynamic:seg_dynamic_inst|cnt_1ms[2]                          ;
; data_gen:data_gen_inst|cnt_100ms[3]                                                                   ; Merged with seg_595_dynamic:seg_595_dynamic_inst|seg_dynamic:seg_dynamic_inst|cnt_1ms[3]                          ;
; seg_595_dynamic:seg_595_dynamic_inst|seg_dynamic:seg_dynamic_inst|bcd_8421:bcd_8421_inst|cnt_shift[1] ; Merged with seg_595_dynamic:seg_595_dynamic_inst|seg_dynamic:seg_dynamic_inst|cnt_1ms[2]                          ;
; seg_595_dynamic:seg_595_dynamic_inst|seg_dynamic:seg_dynamic_inst|bcd_8421:bcd_8421_inst|cnt_shift[2] ; Merged with seg_595_dynamic:seg_595_dynamic_inst|seg_dynamic:seg_dynamic_inst|cnt_1ms[3]                          ;
; data_gen:data_gen_inst|cnt_100ms[4]                                                                   ; Merged with seg_595_dynamic:seg_595_dynamic_inst|seg_dynamic:seg_dynamic_inst|bcd_8421:bcd_8421_inst|cnt_shift[3] ;
; Total Number of Removed Registers = 13                                                                ;                                                                                                                   ;
+-------------------------------------------------------------------------------------------------------+-------------------------------------------------------------------------------------------------------------------+


+-----------------------------------------------------------------------------------------------------------------------------------------------------------------------------------+
; Removed Registers Triggering Further Register Optimizations                                                                                                                       ;
+----------------------------------------------------------------------------+---------------------------+--------------------------------------------------------------------------+
; Register name                                                              ; Reason for Removal        ; Registers Removed due to This Register                                   ;
+----------------------------------------------------------------------------+---------------------------+--------------------------------------------------------------------------+
; seg_595_dynamic:seg_595_dynamic_inst|seg_dynamic:seg_dynamic_inst|dot_disp ; Stuck at VCC              ; seg_595_dynamic:seg_595_dynamic_inst|seg_dynamic:seg_dynamic_inst|seg[7] ;
;                                                                            ; due to stuck port data_in ;                                                                          ;
+----------------------------------------------------------------------------+---------------------------+--------------------------------------------------------------------------+


+------------------------------------------------------+
; General Register Statistics                          ;
+----------------------------------------------+-------+
; Statistic                                    ; Value ;
+----------------------------------------------+-------+
; Total registers                              ; 143   ;
; Number of registers using Synchronous Clear  ; 0     ;
; Number of registers using Synchronous Load   ; 0     ;
; Number of registers using Asynchronous Clear ; 143   ;
; Number of registers using Asynchronous Load  ; 0     ;
; Number of registers using Clock Enable       ; 45    ;
; Number of registers using Preset             ; 0     ;
+----------------------------------------------+-------+


+------------------------------------------------------------------------------------+
; Inverted Register Statistics                                                       ;
+--------------------------------------------------------------------------+---------+
; Inverted Register                                                        ; Fan out ;
+--------------------------------------------------------------------------+---------+
; seg_595_dynamic:seg_595_dynamic_inst|seg_dynamic:seg_dynamic_inst|seg[6] ; 1       ;
; seg_595_dynamic:seg_595_dynamic_inst|seg_dynamic:seg_dynamic_inst|seg[4] ; 1       ;
; seg_595_dynamic:seg_595_dynamic_inst|seg_dynamic:seg_dynamic_inst|seg[5] ; 1       ;
; seg_595_dynamic:seg_595_dynamic_inst|seg_dynamic:seg_dynamic_inst|seg[2] ; 1       ;
; seg_595_dynamic:seg_595_dynamic_inst|seg_dynamic:seg_dynamic_inst|seg[1] ; 1       ;
; seg_595_dynamic:seg_595_dynamic_inst|seg_dynamic:seg_dynamic_inst|seg[3] ; 1       ;
; seg_595_dynamic:seg_595_dynamic_inst|seg_dynamic:seg_dynamic_inst|seg[0] ; 1       ;
; Total number of inverted registers = 7                                   ;         ;
+--------------------------------------------------------------------------+---------+


+------------------------------------------------------------------------------------------------------------------------------------------------------------------------------------------------------------------------------------+
; Multiplexer Restructuring Statistics (Restructuring Performed)                                                                                                                                                                     ;
+--------------------+-----------+---------------+----------------------+------------------------+------------+----------------------------------------------------------------------------------------------------------------------+
; Multiplexer Inputs ; Bus Width ; Baseline Area ; Area if Restructured ; Saving if Restructured ; Registered ; Example Multiplexer Output                                                                                           ;
+--------------------+-----------+---------------+----------------------+------------------------+------------+----------------------------------------------------------------------------------------------------------------------+
; 3:1                ; 4 bits    ; 8 LEs         ; 4 LEs                ; 4 LEs                  ; Yes        ; |top_seg_595|seg_595_dynamic:seg_595_dynamic_inst|hc595_ctrl:hc595_ctrl_inst|cnt_bit[2]                              ;
; 3:1                ; 3 bits    ; 6 LEs         ; 3 LEs                ; 3 LEs                  ; Yes        ; |top_seg_595|seg_595_dynamic:seg_595_dynamic_inst|seg_dynamic:seg_dynamic_inst|sel_reg[1]                            ;
; 3:1                ; 13 bits   ; 26 LEs        ; 13 LEs               ; 13 LEs                 ; Yes        ; |top_seg_595|seg_595_dynamic:seg_595_dynamic_inst|seg_dynamic:seg_dynamic_inst|bcd_8421:bcd_8421_inst|data_shift[12] ;
; 8:1                ; 4 bits    ; 20 LEs        ; 12 LEs               ; 8 LEs                  ; Yes        ; |top_seg_595|seg_595_dynamic:seg_595_dynamic_inst|seg_dynamic:seg_dynamic_inst|data_disp[0]                          ;
; 4:1                ; 4 bits    ; 8 LEs         ; 8 LEs                ; 0 LEs                  ; Yes        ; |top_seg_595|seg_595_dynamic:seg_595_dynamic_inst|seg_dynamic:seg_dynamic_inst|bcd_8421:bcd_8421_inst|data_shift[27] ;
; 4:1                ; 4 bits    ; 8 LEs         ; 8 LEs                ; 0 LEs                  ; Yes        ; |top_seg_595|seg_595_dynamic:seg_595_dynamic_inst|seg_dynamic:seg_dynamic_inst|bcd_8421:bcd_8421_inst|data_shift[22] ;
; 4:1                ; 4 bits    ; 8 LEs         ; 8 LEs                ; 0 LEs                  ; Yes        ; |top_seg_595|seg_595_dynamic:seg_595_dynamic_inst|seg_dynamic:seg_dynamic_inst|bcd_8421:bcd_8421_inst|data_shift[20] ;
; 4:1                ; 4 bits    ; 8 LEs         ; 8 LEs                ; 0 LEs                  ; Yes        ; |top_seg_595|seg_595_dynamic:seg_595_dynamic_inst|seg_dynamic:seg_dynamic_inst|bcd_8421:bcd_8421_inst|data_shift[14] ;
+--------------------+-----------+---------------+----------------------+------------------------+------------+----------------------------------------------------------------------------------------------------------------------+


+---------------------------------------------------------------------+
; Parameter Settings for User Entity Instance: data_gen:data_gen_inst ;
+----------------+-------------------------+--------------------------+
; Parameter Name ; Value                   ; Type                     ;
+----------------+-------------------------+--------------------------+
; CNT_MAX        ; 10011000100101100111111 ; Unsigned Binary          ;
; DATA_MAX       ; 10011100001111          ; Unsigned Binary          ;
+----------------+-------------------------+--------------------------+
Note: In order to hide this table in the UI and the text report file, please set the "Show Parameter Settings in Synthesis Report" option in "Analysis and Synthesis Settings -> More Settings" to "Off".


+----------------------------------------------------------------------------------------------------------------+
; Parameter Settings for User Entity Instance: seg_595_dynamic:seg_595_dynamic_inst|seg_dynamic:seg_dynamic_inst ;
+----------------+------------------+----------------------------------------------------------------------------+
; Parameter Name ; Value            ; Type                                                                       ;
+----------------+------------------+----------------------------------------------------------------------------+
; CNT_MAX        ; 1100001101001111 ; Unsigned Binary                                                            ;
+----------------+------------------+----------------------------------------------------------------------------+
Note: In order to hide this table in the UI and the text report file, please set the "Show Parameter Settings in Synthesis Report" option in "Analysis and Synthesis Settings -> More Settings" to "Off".


+------------------------------------------------------------------------------------------------------------------------------------------------------------------------------------------------------------+
; Port Connectivity Checks: "seg_595_dynamic:seg_595_dynamic_inst|hc595_ctrl:hc595_ctrl_inst"                                                                                                                ;
+------+-------+----------+----------------------------------------------------------------------------------------------------------------------------------------------------------------------------------+
; Port ; Type  ; Severity ; Details                                                                                                                                                                          ;
+------+-------+----------+----------------------------------------------------------------------------------------------------------------------------------------------------------------------------------+
; sel  ; Input ; Warning  ; Input port expression (6 bits) is wider than the input port (4 bits) it drives.  The 2 most-significant bit(s) in the expression will be dangling if they have no other fanouts. ;
+------+-------+----------+----------------------------------------------------------------------------------------------------------------------------------------------------------------------------------+


+--------------------------------------------------------------------------------------------------------------------------------------------------------------------------------------------------+
; Port Connectivity Checks: "seg_595_dynamic:seg_595_dynamic_inst|seg_dynamic:seg_dynamic_inst"                                                                                                    ;
+------+--------+----------+-----------------------------------------------------------------------------------------------------------------------------------------------------------------------+
; Port ; Type   ; Severity ; Details                                                                                                                                                               ;
+------+--------+----------+-----------------------------------------------------------------------------------------------------------------------------------------------------------------------+
; sel  ; Output ; Warning  ; Output or bidir port (4 bits) is smaller than the port expression (6 bits) it drives.  The 2 most-significant bit(s) in the port expression will be connected to GND. ;
+------+--------+----------+-----------------------------------------------------------------------------------------------------------------------------------------------------------------------+


+-----------------------------------------------------+
; Post-Synthesis Netlist Statistics for Top Partition ;
+-----------------------+-----------------------------+
; Type                  ; Count                       ;
+-----------------------+-----------------------------+
; boundary_port         ; 6                           ;
; cycloneiii_ff         ; 143                         ;
;     CLR               ; 98                          ;
;     ENA CLR           ; 45                          ;
; cycloneiii_lcell_comb ; 207                         ;
;     arith             ; 48                          ;
;         2 data inputs ; 45                          ;
;         3 data inputs ; 3                           ;
;     normal            ; 159                         ;
;         1 data inputs ; 6                           ;
;         2 data inputs ; 26                          ;
;         3 data inputs ; 30                          ;
;         4 data inputs ; 97                          ;
;                       ;                             ;
; Max LUT depth         ; 5.00                        ;
; Average LUT depth     ; 2.83                        ;
+-----------------------+-----------------------------+


+-------------------------------+
; Elapsed Time Per Partition    ;
+----------------+--------------+
; Partition Name ; Elapsed Time ;
+----------------+--------------+
; Top            ; 00:00:01     ;
+----------------+--------------+


+-------------------------------+
; Analysis & Synthesis Messages ;
+-------------------------------+
Info: *******************************************************************
Info: Running Quartus Prime Analysis & Synthesis
    Info: Version 15.1.0 Build 185 10/21/2015 SJ Standard Edition
    Info: Processing started: Tue Jul 20 02:56:27 2021
Info: Command: quartus_map --read_settings_files=on --write_settings_files=off top_seg_595 -c top_seg_595
Info (20030): Parallel compilation is enabled and will use 2 of the 2 processors detected
Info (12021): Found 1 design units, including 1 entities, in source file /fpga-selflearning/top_seg_595/sim/tb_top_seg_595.v
    Info (12023): Found entity 1: tb_top_seg_595 File: D:/FPGA-selfLearning/top_seg_595/sim/tb_top_seg_595.v Line: 2
Info (12021): Found 1 design units, including 1 entities, in source file /fpga-selflearning/top_seg_595/rtl/top_seg_595.v
    Info (12023): Found entity 1: top_seg_595 File: D:/FPGA-selfLearning/top_seg_595/rtl/top_seg_595.v Line: 1
Info (12021): Found 1 design units, including 1 entities, in source file /fpga-selflearning/top_seg_595/rtl/seg_dynamic.v
    Info (12023): Found entity 1: seg_dynamic File: D:/FPGA-selfLearning/top_seg_595/rtl/seg_dynamic.v Line: 1
Info (12021): Found 1 design units, including 1 entities, in source file /fpga-selflearning/top_seg_595/rtl/seg_595_dynamic.v
    Info (12023): Found entity 1: seg_595_dynamic File: D:/FPGA-selfLearning/top_seg_595/rtl/seg_595_dynamic.v Line: 1
Info (12021): Found 1 design units, including 1 entities, in source file /fpga-selflearning/top_seg_595/rtl/hc595_ctrl.v
    Info (12023): Found entity 1: hc595_ctrl File: D:/FPGA-selfLearning/top_seg_595/rtl/hc595_ctrl.v Line: 1
Info (12021): Found 1 design units, including 1 entities, in source file /fpga-selflearning/top_seg_595/rtl/data_gen.v
    Info (12023): Found entity 1: data_gen File: D:/FPGA-selfLearning/top_seg_595/rtl/data_gen.v Line: 1
Info (12021): Found 1 design units, including 1 entities, in source file /fpga-selflearning/top_seg_595/rtl/bcd_8421.v
    Info (12023): Found entity 1: bcd_8421 File: D:/FPGA-selfLearning/top_seg_595/rtl/bcd_8421.v Line: 1
Info (12127): Elaborating entity "top_seg_595" for the top level hierarchy
Info (12128): Elaborating entity "data_gen" for hierarchy "data_gen:data_gen_inst" File: D:/FPGA-selfLearning/top_seg_595/rtl/top_seg_595.v Line: 24
Warning (10034): Output port "point" at data_gen.v(10) has no driver File: D:/FPGA-selfLearning/top_seg_595/rtl/data_gen.v Line: 10
Warning (10034): Output port "sign" at data_gen.v(13) has no driver File: D:/FPGA-selfLearning/top_seg_595/rtl/data_gen.v Line: 13
Info (12128): Elaborating entity "seg_595_dynamic" for hierarchy "seg_595_dynamic:seg_595_dynamic_inst" File: D:/FPGA-selfLearning/top_seg_595/rtl/top_seg_595.v Line: 38
Info (12128): Elaborating entity "seg_dynamic" for hierarchy "seg_595_dynamic:seg_595_dynamic_inst|seg_dynamic:seg_dynamic_inst" File: D:/FPGA-selfLearning/top_seg_595/rtl/seg_595_dynamic.v Line: 28
Info (12128): Elaborating entity "bcd_8421" for hierarchy "seg_595_dynamic:seg_595_dynamic_inst|seg_dynamic:seg_dynamic_inst|bcd_8421:bcd_8421_inst" File: D:/FPGA-selfLearning/top_seg_595/rtl/seg_dynamic.v Line: 139
Info (12128): Elaborating entity "hc595_ctrl" for hierarchy "seg_595_dynamic:seg_595_dynamic_inst|hc595_ctrl:hc595_ctrl_inst" File: D:/FPGA-selfLearning/top_seg_595/rtl/seg_595_dynamic.v Line: 40
Warning (12011): Net is missing source, defaulting to GND
    Warning (12110): Net "seg_595_dynamic:seg_595_dynamic_inst|sel[5]" is missing source, defaulting to GND File: D:/FPGA-selfLearning/top_seg_595/rtl/seg_595_dynamic.v Line: 15
    Warning (12110): Net "seg_595_dynamic:seg_595_dynamic_inst|sel[4]" is missing source, defaulting to GND File: D:/FPGA-selfLearning/top_seg_595/rtl/seg_595_dynamic.v Line: 15
Warning (12241): 2 hierarchies have connectivity warnings - see the Connectivity Checks report folder
Info (13000): Registers with preset signals will power-up high File: D:/FPGA-selfLearning/top_seg_595/rtl/seg_dynamic.v Line: 107
Info (13003): DEV_CLRn pin will set, and not reset, register with preset signal due to NOT Gate Push-Back
Info (286030): Timing-Driven Synthesis is running
Info (16010): Generating hard_block partition "hard_block:auto_generated_inst"
    Info (16011): Adding 0 node(s), including 0 DDIO, 0 PLL, 0 transceiver and 0 LCELL
Info (21057): Implemented 241 device resources after synthesis - the final resource count might be different
    Info (21058): Implemented 2 input pins
    Info (21059): Implemented 4 output pins
    Info (21061): Implemented 235 logic cells
Info: Quartus Prime Analysis & Synthesis was successful. 0 errors, 6 warnings
    Info: Peak virtual memory: 4918 megabytes
    Info: Processing ended: Tue Jul 20 02:56:48 2021
    Info: Elapsed time: 00:00:21
    Info: Total CPU time (on all processors): 00:00:32


